0 verbose cli /opt/conda/bin/node /opt/conda/bin/npm
1 info using npm@10.1.0
2 info using node@v20.8.1
3 timing npm:load:whichnode Completed in 27ms
4 timing config:load:defaults Completed in 3ms
5 timing config:load:file:/opt/conda/lib/node_modules/npm/npmrc Completed in 34ms
6 timing config:load:builtin Completed in 35ms
7 timing config:load:cli Completed in 7ms
8 timing config:load:env Completed in 1ms
9 timing config:load:project Completed in 8ms
10 timing config:load:file:/home/jovyan/.npmrc Completed in 2ms
11 timing config:load:user Completed in 4ms
12 timing config:load:file:/opt/conda/etc/npmrc Completed in 2ms
13 timing config:load:global Completed in 2ms
14 timing config:load:setEnvs Completed in 4ms
15 timing config:load Completed in 69ms
16 timing npm:load:configload Completed in 69ms
17 timing config:load:flatten Completed in 13ms
18 timing npm:load:mkdirpcache Completed in 1ms
19 timing npm:load:mkdirplogs Completed in 2ms
20 verbose title npm prefix
21 verbose argv "prefix" "--global"
22 timing npm:load:setTitle Completed in 4ms
23 timing npm:load:display Completed in 9ms
24 verbose logfile logs-max:10 dir:/home/jovyan/.npm/_logs/2026-02-23T02_44_41_339Z-
25 verbose logfile /home/jovyan/.npm/_logs/2026-02-23T02_44_41_339Z-debug-0.log
26 timing npm:load:logFile Completed in 66ms
27 timing npm:load:timers Completed in 0ms
28 timing npm:load:configScope Completed in 0ms
29 timing npm:load Completed in 277ms
30 timing command:prefix Completed in 2ms
31 verbose exit 0
32 timing npm Completed in 484ms
33 info ok
